-------------------------------------------------------------------------------
Test set: cl.emagina.curso.fakewarehouse.TestMain
-------------------------------------------------------------------------------
Tests run: 1, Failures: 1, Errors: 0, Skipped: 0, Time elapsed: 0.078 sec <<< FAILURE! - in cl.emagina.curso.fakewarehouse.TestMain
deberia_retornar_true(cl.emagina.curso.fakewarehouse.TestMain)  Time elapsed: 0.015 sec  <<< FAILURE!
java.lang.AssertionError
	at cl.emagina.curso.fakewarehouse.TestMain.deberia_retornar_true(TestMain.java:13)

