<?xml version="1.0" encoding="UTF-8"?>
<testsuite xmlns:xsi="http://www.w3.org/2001/XMLSchema-instance" xsi:schemaLocation="https://maven.apache.org/surefire/maven-surefire-plugin/xsd/surefire-test-report.xsd" name="cl.emagina.curso.fakewarehouse.TestFakeWarehouseApp" time="0.185" tests="12" errors="0" skipped="0" failures="0">
  <properties>
[...]
</properties>
  <testcase name="correct_number_of_params" classname="cl.emagina.curso.fakewarehouse.TestFakeWarehouseApp" time="0.1"/>
  <testcase name="deberia_Retornar_IllegalArgumentException_1_Params_Cuando_Espera_7" classname="cl.emagina.curso.fakewarehouse.TestFakeWarehouseApp" time="0"/>
  <testcase name="retorna_IllegalArgumentException_Si_Param_2_No_Es_Archivo" classname="cl.emagina.curso.fakewarehouse.TestFakeWarehouseApp" time="0"/>
  <testcase name="retorna_IllegalArgumentException_Si_Param_6_Es_Mayor_Que_65535" classname="cl.emagina.curso.fakewarehouse.TestFakeWarehouseApp" time="0"/>
  <testcase name="retorna_IllegalArgumentException_Si_Param_6_Es_Menor_Que_0" classname="cl.emagina.curso.fakewarehouse.TestFakeWarehouseApp" time="0"/>
  <testcase name="retorna_IllegalArgumentException_Si_Param_6_No_ES_Un_Puerto_Valido_Al_Recibir_String" classname="cl.emagina.curso.fakewarehouse.TestFakeWarehouseApp" time="0"/>
  <testcase name="deberia_Retornar_IllegalArgumentException_Si_Recibe_8_Params_Cuando_Espera_7" classname="cl.emagina.curso.fakewarehouse.TestFakeWarehouseApp" time="0"/>
  <testcase name="retorna_TRUE_si_param_1_es_INVENT" classname="cl.emagina.curso.fakewarehouse.TestFakeWarehouseApp" time="0"/>
  <testcase name="retorna_IllegalArgumentException_SI_Param_5_No_ES_IP_Valido" classname="cl.emagina.curso.fakewarehouse.TestFakeWarehouseApp" time="0"/>
  <testcase name="retorna_IllegalArgumentException_Si_Param_1_No_Es_INVENT_o_CARTOLA_o_PLANGER" classname="cl.emagina.curso.fakewarehouse.TestFakeWarehouseApp" time="0"/>
  <testcase name="retorna_IllegalArgumentException_Si_Parametro1_es_INVENT_y_archivo_no_es_txt" classname="cl.emagina.curso.fakewarehouse.TestFakeWarehouseApp" time="0.016"/>
  <testcase name="deberia_Retornar_IllegalArgumentException_Si_No_Recibe_Params" classname="cl.emagina.curso.fakewarehouse.TestFakeWarehouseApp" time="0"/>
</testsuite>